Project/app/build/intermediates/manifest_merge_blame_file/debug/manifest-merger-blame-debug-report.txt
1<?xml version="1.0" encoding="utf-8"?>
2<manifest xmlns:android="http://schemas.android.com/apk/res/android"
3    package="com.example.android.recyclerview"
4    android:versionCode="1"
5    android:versionName="1.0" >
6
7    <uses-sdk
8        android:minSdkVersion="19"
8-->src\main\AndroidManifest.xml
9        android:targetSdkVersion="26" />
9-->src\main\AndroidManifest.xml
10
11    <application
11-->src\main\AndroidManifest.xml:5:5-53:19
12        android:allowBackup="true"
12-->src\main\AndroidManifest.xml:6:9-35
13        android:debuggable="true"
14        android:icon="@mipmap/ic_launcher"
14-->src\main\AndroidManifest.xml:7:9-43
15        android:label="@string/app_name"
15-->src\main\AndroidManifest.xml:8:9-41
16        android:roundIcon="@mipmap/ic_launcher_round"
16-->src\main\AndroidManifest.xml:9:9-54
17        android:supportsRtl="true"
17-->src\main\AndroidManifest.xml:10:9-35
18        android:theme="@style/AppTheme" >
18-->src\main\AndroidManifest.xml:11:9-40
19        <activity
19-->src\main\AndroidManifest.xml:12:9-21:20
20            android:name="com.example.android.recyclerview.DeleteActivity"
20-->src\main\AndroidManifest.xml:13:13-43
21            android:exported="false"
21-->src\main\AndroidManifest.xml:14:13-37
22            android:label="@string/DELETE"
22-->src\main\AndroidManifest.xml:15:13-43
23            android:parentActivityName="com.example.android.recyclerview.MainActivity"
23-->src\main\AndroidManifest.xml:16:13-55
24            android:screenOrientation="portrait" >
24-->src\main\AndroidManifest.xml:17:13-49
25            <meta-data
25-->src\main\AndroidManifest.xml:18:13-20:49
26                android:name="android.support.PARENT_ACTIVITY"
26-->src\main\AndroidManifest.xml:19:17-63
27                android:value=".MainActivity" />
27-->src\main\AndroidManifest.xml:20:17-46
28        </activity>
29        <activity
29-->src\main\AndroidManifest.xml:22:9-31:20
30            android:name="com.example.android.recyclerview.DetailActivity"
30-->src\main\AndroidManifest.xml:23:13-43
31            android:exported="false"
31-->src\main\AndroidManifest.xml:24:13-37
32            android:label="@string/Detail_name"
32-->src\main\AndroidManifest.xml:25:13-48
33            android:parentActivityName="com.example.android.recyclerview.MainActivity"
33-->src\main\AndroidManifest.xml:26:13-55
34            android:screenOrientation="portrait" >
34-->src\main\AndroidManifest.xml:27:13-49
35            <meta-data
35-->src\main\AndroidManifest.xml:18:13-20:49
36                android:name="android.support.PARENT_ACTIVITY"
36-->src\main\AndroidManifest.xml:19:17-63
37                android:value=".MainActivity" />
37-->src\main\AndroidManifest.xml:20:17-46
38        </activity>
39        <activity
39-->src\main\AndroidManifest.xml:32:9-41:20
40            android:name="com.example.android.recyclerview.NewActivity"
40-->src\main\AndroidManifest.xml:33:13-40
41            android:exported="false"
41-->src\main\AndroidManifest.xml:34:13-37
42            android:label="@string/Second_name"
42-->src\main\AndroidManifest.xml:35:13-48
43            android:parentActivityName="com.example.android.recyclerview.MainActivity"
43-->src\main\AndroidManifest.xml:36:13-55
44            android:screenOrientation="portrait" >
44-->src\main\AndroidManifest.xml:37:13-49
45            <meta-data
45-->src\main\AndroidManifest.xml:18:13-20:49
46                android:name="android.support.PARENT_ACTIVITY"
46-->src\main\AndroidManifest.xml:19:17-63
47                android:value=".MainActivity" />
47-->src\main\AndroidManifest.xml:20:17-46
48        </activity>
49        <activity
49-->src\main\AndroidManifest.xml:42:9-52:20
50            android:name="com.example.android.recyclerview.MainActivity"
50-->src\main\AndroidManifest.xml:43:13-41
51            android:label="@string/app_name"
51-->src\main\AndroidManifest.xml:44:13-45
52            android:screenOrientation="portrait"
52-->src\main\AndroidManifest.xml:45:13-49
53            android:theme="@style/AppTheme.NoActionBar" >
53-->src\main\AndroidManifest.xml:46:13-56
54            <intent-filter>
54-->src\main\AndroidManifest.xml:47:13-51:29
55                <action android:name="android.intent.action.MAIN" />
55-->src\main\AndroidManifest.xml:48:17-69
55-->src\main\AndroidManifest.xml:48:25-66
56
57                <category android:name="android.intent.category.LAUNCHER" />
57-->src\main\AndroidManifest.xml:50:17-77
57-->src\main\AndroidManifest.xml:50:27-74
58            </intent-filter>
59        </activity>
60
61        <meta-data
61-->[com.android.support:design:26.1.0] AndroidManifest.xml:26:9-28:38
62            android:name="android.support.VERSION"
62-->[com.android.support:design:26.1.0] AndroidManifest.xml:27:13-51
63            android:value="26.1.0" />
63-->[com.android.support:design:26.1.0] AndroidManifest.xml:28:13-35
64        <meta-data
64-->[android.arch.lifecycle:runtime:1.0.0] AndroidManifest.xml:25:9-27:47
65            android:name="android.arch.lifecycle.VERSION"
65-->[android.arch.lifecycle:runtime:1.0.0] AndroidManifest.xml:26:13-58
66            android:value="27.0.0-SNAPSHOT" />
66-->[android.arch.lifecycle:runtime:1.0.0] AndroidManifest.xml:27:13-44
67    </application>
68
69</manifest>